Determining if the pthread_create exist failed with the following output:
Change Dir: /home/montura/ROS_Workaspace/catkin_ws/src/hello_world/build/CMakeFiles/CMakeTmp

Run Build Command:/usr/bin/make "cmTryCompileExec4050742251/fast"
/usr/bin/make -f CMakeFiles/cmTryCompileExec4050742251.dir/build.make CMakeFiles/cmTryCompileExec4050742251.dir/build
make[1]: Вход в каталог `/home/montura/ROS_Workaspace/catkin_ws/src/hello_world/build/CMakeFiles/CMakeTmp'
/usr/bin/cmake -E cmake_progress_report /home/montura/ROS_Workaspace/catkin_ws/src/hello_world/build/CMakeFiles/CMakeTmp/CMakeFiles 1
Building C object CMakeFiles/cmTryCompileExec4050742251.dir/CheckSymbolExists.c.o
/usr/bin/cc    -o CMakeFiles/cmTryCompileExec4050742251.dir/CheckSymbolExists.c.o   -c /home/montura/ROS_Workaspace/catkin_ws/src/hello_world/build/CMakeFiles/CMakeTmp/CheckSymbolExists.c
Linking C executable cmTryCompileExec4050742251
/usr/bin/cmake -E cmake_link_script CMakeFiles/cmTryCompileExec4050742251.dir/link.txt --verbose=1
/usr/bin/cc       CMakeFiles/cmTryCompileExec4050742251.dir/CheckSymbolExists.c.o  -o cmTryCompileExec4050742251 -rdynamic 
CMakeFiles/cmTryCompileExec4050742251.dir/CheckSymbolExists.c.o: In function `main':
CheckSymbolExists.c:(.text+0x16): undefined reference to `pthread_create'
collect2: error: ld returned 1 exit status
make[1]: *** [cmTryCompileExec4050742251] Ошибка 1
make[1]: Выход из каталога `/home/montura/ROS_Workaspace/catkin_ws/src/hello_world/build/CMakeFiles/CMakeTmp'
make: *** [cmTryCompileExec4050742251/fast] Ошибка 2

File /home/montura/ROS_Workaspace/catkin_ws/src/hello_world/build/CMakeFiles/CMakeTmp/CheckSymbolExists.c:
/* */
#include <pthread.h>

int main(int argc, char** argv)
{
  (void)argv;
#ifndef pthread_create
  return ((int*)(&pthread_create))[argc];
#else
  (void)argc;
  return 0;
#endif
}

Determining if the function pthread_create exists in the pthreads failed with the following output:
Change Dir: /home/montura/ROS_Workaspace/catkin_ws/src/hello_world/build/CMakeFiles/CMakeTmp

Run Build Command:/usr/bin/make "cmTryCompileExec2385925042/fast"
/usr/bin/make -f CMakeFiles/cmTryCompileExec2385925042.dir/build.make CMakeFiles/cmTryCompileExec2385925042.dir/build
make[1]: Вход в каталог `/home/montura/ROS_Workaspace/catkin_ws/src/hello_world/build/CMakeFiles/CMakeTmp'
/usr/bin/cmake -E cmake_progress_report /home/montura/ROS_Workaspace/catkin_ws/src/hello_world/build/CMakeFiles/CMakeTmp/CMakeFiles 1
Building C object CMakeFiles/cmTryCompileExec2385925042.dir/CheckFunctionExists.c.o
/usr/bin/cc   -DCHECK_FUNCTION_EXISTS=pthread_create   -o CMakeFiles/cmTryCompileExec2385925042.dir/CheckFunctionExists.c.o   -c /usr/share/cmake-2.8/Modules/CheckFunctionExists.c
Linking C executable cmTryCompileExec2385925042
/usr/bin/cmake -E cmake_link_script CMakeFiles/cmTryCompileExec2385925042.dir/link.txt --verbose=1
/usr/bin/cc   -DCHECK_FUNCTION_EXISTS=pthread_create    CMakeFiles/cmTryCompileExec2385925042.dir/CheckFunctionExists.c.o  -o cmTryCompileExec2385925042 -rdynamic -lpthreads 
/usr/bin/ld: cannot find -lpthreads
collect2: error: ld returned 1 exit status
make[1]: *** [cmTryCompileExec2385925042] Ошибка 1
make[1]: Выход из каталога `/home/montura/ROS_Workaspace/catkin_ws/src/hello_world/build/CMakeFiles/CMakeTmp'
make: *** [cmTryCompileExec2385925042/fast] Ошибка 2


